
****** PlanAhead v14.7 (64-bit)
  **** Build 321239 by xbuild on Fri Sep 27 19:29:51 MDT 2013
    ** Copyright 1986-1999, 2001-2013 Xilinx, Inc. All Rights Reserved.

INFO: [Common 17-78] Attempting to get a license: PlanAhead
INFO: [Common 17-290] Got license for PlanAhead
INFO: [Device 21-36] Loading parts and site information from D:/ise/14.7/ISE_DS/PlanAhead/data/parts/arch.xml
Parsing RTL primitives file [D:/ise/14.7/ISE_DS/PlanAhead/data/parts/xilinx/rtl/prims/rtl_prims.xml]
Finished parsing RTL primitives file [D:/ise/14.7/ISE_DS/PlanAhead/data/parts/xilinx/rtl/prims/rtl_prims.xml]
start_gui
source D:/szdl/yimaqi/pa.fromNetlist.tcl
# create_project -name yimaqi -dir "D:/szdl/yimaqi/planAhead_run_1" -part xc7a100tfgg484-2L
# set_property design_mode GateLvl [get_property srcset [current_run -impl]]
# set_property edif_top_file "D:/szdl/yimaqi/yimaqi.ngc" [ get_property srcset [ current_run ] ]
# add_files -norecurse { {D:/szdl/yimaqi} }
# set_param project.pinAheadLayout  yes
# set_property target_constrs_file "yimaqi.ucf" [current_fileset -constrset]
Adding file 'D:/szdl/yimaqi/yimaqi.ucf' to fileset 'constrs_1'
# add_files [list {yimaqi.ucf}] -fileset [get_property constrset [current_run]]
# link_design
Design is defaulting to srcset: sources_1
Design is defaulting to constrset: constrs_1
Design is defaulting to project part: xc7a100tfgg484-2L
Release 14.7 - ngc2edif P.20131013 (nt64)
Copyright (c) 1995-2013 Xilinx, Inc.  All rights reserved.
Reading design yimaqi.ngc ...
WARNING:NetListWriters:298 - No output is written to yimaqi.xncf, ignored.
Processing design ...
   Preping design's networks ...
   Preping design's macros ...
  finished :Prep
Writing EDIF netlist file yimaqi.edif ...
ngc2edif: Total memory usage is 4316852 kilobytes

Parsing EDIF File [./planAhead_run_1/yimaqi.data/cache/yimaqi_ngc_zx.edif]
Finished Parsing EDIF File [./planAhead_run_1/yimaqi.data/cache/yimaqi_ngc_zx.edif]
Loading clock regions from D:/ise/14.7/ISE_DS/PlanAhead/data\parts/xilinx/artix7/artix7/xc7a100t/ClockRegion.xml
Loading clock buffers from D:/ise/14.7/ISE_DS/PlanAhead/data\parts/xilinx/artix7/artix7/xc7a100t/ClockBuffers.xml
Loading clock placement rules from D:/ise/14.7/ISE_DS/PlanAhead/data/parts/xilinx/artix7/ClockPlacerRules.xml
Loading package pin functions from D:/ise/14.7/ISE_DS/PlanAhead/data\parts/xilinx/artix7/PinFunctions.xml...
Loading package from D:/ise/14.7/ISE_DS/PlanAhead/data\parts/xilinx/artix7/artix7/xc7a100t/fgg484/Package.xml
Loading io standards from D:/ise/14.7/ISE_DS/PlanAhead/data\./parts/xilinx/artix7/IOStandards.xml
Loading device configuration modes from D:/ise/14.7/ISE_DS/PlanAhead/data\parts/xilinx/artix7/ConfigModes.xml
Loading list of drcs for the architecture : D:/ise/14.7/ISE_DS/PlanAhead/data\./parts/xilinx/artix7/drc.xml
Parsing UCF File [D:/szdl/yimaqi/yimaqi.ucf]
Finished Parsing UCF File [D:/szdl/yimaqi/yimaqi.ucf]
INFO: [Project 1-111] Unisim Transformation Summary:
No Unisim elements were transformed.

Phase 0 | Netlist Checksum: 7f075b8f
link_design: Time (s): elapsed = 00:00:09 . Memory (MB): peak = 864.766 ; gain = 380.398
set_property iostandard LVCMOS18 [get_ports [list {A[2]} {A[1]} {A[0]}]]
set_property iostandard LVCMOS18 [get_ports [list {Y[7]} {Y[6]} {Y[5]} {Y[4]} {Y[3]} {Y[2]} {Y[1]} {Y[0]}]]
set_property iostandard LVCMOS18 [get_ports [list G]]
set_property iostandard LVCMOS18 [get_ports [list GA]]
set_property iostandard LVCMOS18 [get_ports [list GB]]
set_property pulltype PULLDOWN [get_ports [list {A[2]} {A[1]} {A[0]}]]
set_property pulltype PULLDOWN [get_ports [list G]]
set_property pulltype PULLDOWN [get_ports [list GA]]
set_property pulltype PULLDOWN [get_ports [list GB]]
startgroup
set_property package_pin T3 [get_ports G]
endgroup
set_property package_pin "" [get_ports [list  GB]]
startgroup
set_property package_pin U3 [get_ports GA]
endgroup
startgroup
set_property package_pin T4 [get_ports GB]
endgroup
startgroup
set_property package_pin V3 [get_ports {A[2]}]
endgroup
startgroup
set_property package_pin V4 [get_ports {A[1]}]
endgroup
startgroup
set_property package_pin W4 [get_ports {A[0]}]
endgroup
startgroup
set_property package_pin R1 [get_ports {Y[7]}]
endgroup
startgroup
set_property package_pin P2 [get_ports {Y[6]}]
endgroup
startgroup
set_property package_pin P1 [get_ports {Y[5]}]
endgroup
startgroup
set_property package_pin N2 [get_ports {Y[4]}]
endgroup
startgroup
set_property package_pin M1 [get_ports {Y[3]}]
endgroup
startgroup
set_property package_pin M2 [get_ports {Y[2]}]
endgroup
startgroup
set_property package_pin L1 [get_ports {Y[1]}]
endgroup
startgroup
set_property package_pin J2 [get_ports {Y[0]}]
endgroup
save_constraints -force
exit
ERROR: [Common 17-39] 'stop_gui' failed due to earlier errors.
INFO: [Common 17-206] Exiting PlanAhead at Wed Nov 17 22:01:44 2021...
INFO: [Common 17-83] Releasing license: PlanAhead
